# JRE version: OpenJDK Runtime Environment Temurin-17.0.3+7 (17.0.3+7) (build 17.0.3+7)
# Java VM: OpenJDK 64-Bit Server VM Temurin-17.0.3+7 (17.0.3+7, mixed mode, emulated-client, tiered, compressed oops, compressed class ptrs, g1 gc, windows-amd64)
GC Precious Log:
 CPUs: 4 total, 4 available
 Memory: 8070M
 Large Page Support: Disabled
 NUMA Support: Disabled
 Compressed Oops: Enabled (32-bit)
 Heap Region Size: 1M
 Heap Min Capacity: 8M
 Heap Initial Capacity: 128M
 Heap Max Capacity: 2018M
 Pre-touch: Disabled
 Parallel Workers: 4
 Concurrent Workers: 1
 Concurrent Refinement Workers: 4
 Periodic GC: Disabled
Heap:
 garbage-first heap   total 133120K, used 48948K [0x0000000081e00000, 0x0000000100000000)
  region size 1024K, 1 young (1024K), 1 survivors (1024K)
 Metaspace       used 34231K, committed 34560K, reserved 1081344K
  class space    used 4445K, committed 4608K, reserved 1048576K
GC Heap History (20 events):
Event: 45.184 GC heap after
{Heap after GC invocations=16 (full 0):
 garbage-first heap   total 50176K, used 32114K [0x0000000081e00000, 0x0000000100000000)
  region size 1024K, 2 young (2048K), 2 survivors (2048K)
 Metaspace       used 33477K, committed 33728K, reserved 1081344K
  class space    used 4321K, committed 4416K, reserved 1048576K
}
Event: 45.872 GC heap before
{Heap before GC invocations=17 (full 0):
 garbage-first heap   total 56320K, used 37234K [0x0000000081e00000, 0x0000000100000000)
  region size 1024K, 7 young (7168K), 2 survivors (2048K)
 Metaspace       used 33901K, committed 34304K, reserved 1081344K
  class space    used 4412K, committed 4608K, reserved 1048576K
}
Event: 45.880 GC heap after
{Heap after GC invocations=18 (full 0):
 garbage-first heap   total 56320K, used 33096K [0x0000000081e00000, 0x0000000100000000)
  region size 1024K, 1 young (1024K), 1 survivors (1024K)
 Metaspace       used 33901K, committed 34304K, reserved 1081344K
  class space    used 4412K, committed 4608K, reserved 1048576K
}
Event: 46.039 GC heap before
{Heap before GC invocations=18 (full 0):
 garbage-first heap   total 56320K, used 34120K [0x0000000081e00000, 0x0000000100000000)
  region size 1024K, 2 young (2048K), 1 survivors (1024K)
 Metaspace       used 33901K, committed 34304K, reserved 1081344K
  class space    used 4412K, committed 4608K, reserved 1048576K
}
Event: 46.046 GC heap after
{Heap after GC invocations=19 (full 0):
 garbage-first heap   total 56320K, used 32683K [0x0000000081e00000, 0x0000000100000000)
  region size 1024K, 1 young (1024K), 1 survivors (1024K)
 Metaspace       used 33901K, committed 34304K, reserved 1081344K
  class space    used 4412K, committed 4608K, reserved 1048576K
}
Event: 46.959 GC heap before
{Heap before GC invocations=19 (full 0):
 garbage-first heap   total 56320K, used 41899K [0x0000000081e00000, 0x0000000100000000)
  region size 1024K, 10 young (10240K), 1 survivors (1024K)
 Metaspace       used 33903K, committed 34304K, reserved 1081344K
  class space    used 4412K, committed 4608K, reserved 1048576K
}
Event: 46.964 GC heap after
{Heap after GC invocations=20 (full 0):
 garbage-first heap   total 56320K, used 33153K [0x0000000081e00000, 0x0000000100000000)
  region size 1024K, 1 young (1024K), 1 survivors (1024K)
 Metaspace       used 33903K, committed 34304K, reserved 1081344K
  class space    used 4412K, committed 4608K, reserved 1048576K
}
Event: 47.289 GC heap before
{Heap before GC invocations=21 (full 0):
 garbage-first heap   total 63488K, used 42369K [0x0000000081e00000, 0x0000000100000000)
  region size 1024K, 11 young (11264K), 1 survivors (1024K)
 Metaspace       used 33911K, committed 34304K, reserved 1081344K
  class space    used 4414K, committed 4608K, reserved 1048576K
}
Event: 47.306 GC heap after
{Heap after GC invocations=22 (full 0):
 garbage-first heap   total 63488K, used 39521K [0x0000000081e00000, 0x0000000100000000)
  region size 1024K, 2 young (2048K), 2 survivors (2048K)
 Metaspace       used 33911K, committed 34304K, reserved 1081344K
  class space    used 4414K, committed 4608K, reserved 1048576K
}
Event: 47.340 GC heap before
{Heap before GC invocations=22 (full 0):
 garbage-first heap   total 63488K, used 40545K [0x0000000081e00000, 0x0000000100000000)
  region size 1024K, 3 young (3072K), 2 survivors (2048K)
 Metaspace       used 33988K, committed 34368K, reserved 1081344K
  class space    used 4420K, committed 4608K, reserved 1048576K
}
Event: 47.356 GC heap after
{Heap after GC invocations=23 (full 0):
 garbage-first heap   total 120832K, used 40246K [0x0000000081e00000, 0x0000000100000000)
  region size 1024K, 1 young (1024K), 1 survivors (1024K)
 Metaspace       used 33988K, committed 34368K, reserved 1081344K
  class space    used 4420K, committed 4608K, reserved 1048576K
}
Event: 47.885 GC heap before
{Heap before GC invocations=23 (full 0):
 garbage-first heap   total 120832K, used 74038K [0x0000000081e00000, 0x0000000100000000)
  region size 1024K, 35 young (35840K), 1 survivors (1024K)
 Metaspace       used 34231K, committed 34560K, reserved 1081344K
  class space    used 4445K, committed 4608K, reserved 1048576K
}
Event: 47.893 GC heap after
{Heap after GC invocations=24 (full 0):
 garbage-first heap   total 120832K, used 42323K [0x0000000081e00000, 0x0000000100000000)
  region size 1024K, 3 young (3072K), 3 survivors (3072K)
 Metaspace       used 34231K, committed 34560K, reserved 1081344K
  class space    used 4445K, committed 4608K, reserved 1048576K
}
Event: 48.056 GC heap before
{Heap before GC invocations=24 (full 0):
 garbage-first heap   total 120832K, used 82259K [0x0000000081e00000, 0x0000000100000000)
  region size 1024K, 43 young (44032K), 3 survivors (3072K)
 Metaspace       used 34231K, committed 34560K, reserved 1081344K
  class space    used 4445K, committed 4608K, reserved 1048576K
}
Event: 48.063 GC heap after
{Heap after GC invocations=25 (full 0):
 garbage-first heap   total 120832K, used 44483K [0x0000000081e00000, 0x0000000100000000)
  region size 1024K, 5 young (5120K), 5 survivors (5120K)
 Metaspace       used 34231K, committed 34560K, reserved 1081344K
  class space    used 4445K, committed 4608K, reserved 1048576K
}
Event: 48.271 GC heap before
{Heap before GC invocations=25 (full 0):
 garbage-first heap   total 120832K, used 87491K [0x0000000081e00000, 0x0000000100000000)
  region size 1024K, 49 young (50176K), 5 survivors (5120K)
 Metaspace       used 34231K, committed 34560K, reserved 1081344K
  class space    used 4445K, committed 4608K, reserved 1048576K
}
Event: 48.278 GC heap after
{Heap after GC invocations=26 (full 0):
 garbage-first heap   total 120832K, used 46221K [0x0000000081e00000, 0x0000000100000000)
  region size 1024K, 4 young (4096K), 4 survivors (4096K)
 Metaspace       used 34231K, committed 34560K, reserved 1081344K
  class space    used 4445K, committed 4608K, reserved 1048576K
}
Event: 48.822 GC heap before
{Heap before GC invocations=27 (full 0):
 garbage-first heap   total 133120K, used 89229K [0x0000000081e00000, 0x0000000100000000)
  region size 1024K, 47 young (48128K), 4 survivors (4096K)
 Metaspace       used 34231K, committed 34560K, reserved 1081344K
  class space    used 4445K, committed 4608K, reserved 1048576K
}
Event: 48.831 GC heap after
{Heap after GC invocations=28 (full 0):
 garbage-first heap   total 133120K, used 48808K [0x0000000081e00000, 0x0000000100000000)
  region size 1024K, 5 young (5120K), 5 survivors (5120K)
 Metaspace       used 34231K, committed 34560K, reserved 1081344K
  class space    used 4445K, committed 4608K, reserved 1048576K
}
Event: 48.842 GC heap before
{Heap before GC invocations=28 (full 0):
 garbage-first heap   total 133120K, used 48808K [0x0000000081e00000, 0x0000000100000000)
  region size 1024K, 6 young (6144K), 5 survivors (5120K)
 Metaspace       used 34231K, committed 34560K, reserved 1081344K
  class space    used 4445K, committed 4608K, reserved 1048576K
}

