# JRE version: OpenJDK Runtime Environment Temurin-17.0.3+7 (17.0.3+7) (build 17.0.3+7)
# Java VM: OpenJDK 64-Bit Server VM Temurin-17.0.3+7 (17.0.3+7, mixed mode, emulated-client, tiered, compressed oops, compressed class ptrs, g1 gc, windows-amd64)
GC Precious Log:
 CPUs: 4 total, 4 available
 Memory: 8070M
 Large Page Support: Disabled
 NUMA Support: Disabled
 Compressed Oops: Enabled (32-bit)
 Heap Region Size: 1M
 Heap Min Capacity: 8M
 Heap Initial Capacity: 128M
 Heap Max Capacity: 2018M
 Pre-touch: Disabled
 Parallel Workers: 4
 Concurrent Workers: 1
 Concurrent Refinement Workers: 4
 Periodic GC: Disabled
Heap:
 garbage-first heap   total 131072K, used 45322K [0x0000000081e00000, 0x0000000100000000)
  region size 1024K, 2 young (2048K), 2 survivors (2048K)
 Metaspace       used 34264K, committed 34560K, reserved 1081344K
  class space    used 4447K, committed 4608K, reserved 1048576K
GC Heap History (20 events):
Event: 15.089 GC heap after
{Heap after GC invocations=12 (full 0):
 garbage-first heap   total 55296K, used 23552K [0x0000000081e00000, 0x0000000100000000)
  region size 1024K, 2 young (2048K), 2 survivors (2048K)
 Metaspace       used 32735K, committed 33024K, reserved 1081344K
  class space    used 4164K, committed 4288K, reserved 1048576K
}
Event: 15.602 GC heap before
{Heap before GC invocations=12 (full 0):
 garbage-first heap   total 55296K, used 39936K [0x0000000081e00000, 0x0000000100000000)
  region size 1024K, 18 young (18432K), 2 survivors (2048K)
 Metaspace       used 33199K, committed 33472K, reserved 1081344K
  class space    used 4240K, committed 4352K, reserved 1048576K
}
Event: 15.614 GC heap after
{Heap after GC invocations=13 (full 0):
 garbage-first heap   total 55296K, used 27648K [0x0000000081e00000, 0x0000000100000000)
  region size 1024K, 3 young (3072K), 3 survivors (3072K)
 Metaspace       used 33199K, committed 33472K, reserved 1081344K
  class space    used 4240K, committed 4352K, reserved 1048576K
}
Event: 16.781 GC heap before
{Heap before GC invocations=13 (full 0):
 garbage-first heap   total 55296K, used 40960K [0x0000000081e00000, 0x0000000100000000)
  region size 1024K, 16 young (16384K), 3 survivors (3072K)
 Metaspace       used 33984K, committed 34304K, reserved 1081344K
  class space    used 4415K, committed 4608K, reserved 1048576K
}
Event: 16.800 GC heap after
{Heap after GC invocations=14 (full 0):
 garbage-first heap   total 55296K, used 31889K [0x0000000081e00000, 0x0000000100000000)
  region size 1024K, 2 young (2048K), 2 survivors (2048K)
 Metaspace       used 33984K, committed 34304K, reserved 1081344K
  class space    used 4415K, committed 4608K, reserved 1048576K
}
Event: 18.097 GC heap before
{Heap before GC invocations=14 (full 0):
 garbage-first heap   total 55296K, used 40081K [0x0000000081e00000, 0x0000000100000000)
  region size 1024K, 11 young (11264K), 2 survivors (2048K)
 Metaspace       used 33987K, committed 34304K, reserved 1081344K
  class space    used 4415K, committed 4608K, reserved 1048576K
}
Event: 18.105 GC heap after
{Heap after GC invocations=15 (full 0):
 garbage-first heap   total 55296K, used 32635K [0x0000000081e00000, 0x0000000100000000)
  region size 1024K, 1 young (1024K), 1 survivors (1024K)
 Metaspace       used 33987K, committed 34304K, reserved 1081344K
  class space    used 4415K, committed 4608K, reserved 1048576K
}
Event: 18.482 GC heap before
{Heap before GC invocations=16 (full 0):
 garbage-first heap   total 60416K, used 40827K [0x0000000081e00000, 0x0000000100000000)
  region size 1024K, 10 young (10240K), 1 survivors (1024K)
 Metaspace       used 33987K, committed 34304K, reserved 1081344K
  class space    used 4415K, committed 4608K, reserved 1048576K
}
Event: 18.491 GC heap after
{Heap after GC invocations=17 (full 0):
 garbage-first heap   total 60416K, used 37256K [0x0000000081e00000, 0x0000000100000000)
  region size 1024K, 2 young (2048K), 2 survivors (2048K)
 Metaspace       used 33987K, committed 34304K, reserved 1081344K
  class space    used 4415K, committed 4608K, reserved 1048576K
}
Event: 18.653 GC heap before
{Heap before GC invocations=17 (full 0):
 garbage-first heap   total 60416K, used 45448K [0x0000000081e00000, 0x0000000100000000)
  region size 1024K, 10 young (10240K), 2 survivors (2048K)
 Metaspace       used 34035K, committed 34368K, reserved 1081344K
  class space    used 4424K, committed 4608K, reserved 1048576K
}
Event: 18.673 GC heap after
{Heap after GC invocations=18 (full 0):
 garbage-first heap   total 80896K, used 40630K [0x0000000081e00000, 0x0000000100000000)
  region size 1024K, 2 young (2048K), 2 survivors (2048K)
 Metaspace       used 34035K, committed 34368K, reserved 1081344K
  class space    used 4424K, committed 4608K, reserved 1048576K
}
Event: 19.090 GC heap before
{Heap before GC invocations=19 (full 0):
 garbage-first heap   total 80896K, used 54966K [0x0000000081e00000, 0x0000000100000000)
  region size 1024K, 17 young (17408K), 2 survivors (2048K)
 Metaspace       used 34245K, committed 34560K, reserved 1081344K
  class space    used 4445K, committed 4608K, reserved 1048576K
}
Event: 19.100 GC heap after
{Heap after GC invocations=20 (full 0):
 garbage-first heap   total 80896K, used 42050K [0x0000000081e00000, 0x0000000100000000)
  region size 1024K, 2 young (2048K), 2 survivors (2048K)
 Metaspace       used 34245K, committed 34560K, reserved 1081344K
  class space    used 4445K, committed 4608K, reserved 1048576K
}
Event: 19.158 GC heap before
{Heap before GC invocations=20 (full 0):
 garbage-first heap   total 80896K, used 56386K [0x0000000081e00000, 0x0000000100000000)
  region size 1024K, 17 young (17408K), 2 survivors (2048K)
 Metaspace       used 34264K, committed 34560K, reserved 1081344K
  class space    used 4447K, committed 4608K, reserved 1048576K
}
Event: 19.163 GC heap after
{Heap after GC invocations=21 (full 0):
 garbage-first heap   total 80896K, used 42683K [0x0000000081e00000, 0x0000000100000000)
  region size 1024K, 2 young (2048K), 2 survivors (2048K)
 Metaspace       used 34264K, committed 34560K, reserved 1081344K
  class space    used 4447K, committed 4608K, reserved 1048576K
}
Event: 19.234 GC heap before
{Heap before GC invocations=21 (full 0):
 garbage-first heap   total 80896K, used 59067K [0x0000000081e00000, 0x0000000100000000)
  region size 1024K, 19 young (19456K), 2 survivors (2048K)
 Metaspace       used 34264K, committed 34560K, reserved 1081344K
  class space    used 4447K, committed 4608K, reserved 1048576K
}
Event: 19.238 GC heap after
{Heap after GC invocations=22 (full 0):
 garbage-first heap   total 80896K, used 43658K [0x0000000081e00000, 0x0000000100000000)
  region size 1024K, 2 young (2048K), 2 survivors (2048K)
 Metaspace       used 34264K, committed 34560K, reserved 1081344K
  class space    used 4447K, committed 4608K, reserved 1048576K
}
Event: 19.313 GC heap before
{Heap before GC invocations=22 (full 0):
 garbage-first heap   total 80896K, used 60042K [0x0000000081e00000, 0x0000000100000000)
  region size 1024K, 20 young (20480K), 2 survivors (2048K)
 Metaspace       used 34264K, committed 34560K, reserved 1081344K
  class space    used 4447K, committed 4608K, reserved 1048576K
}
Event: 19.317 GC heap after
{Heap after GC invocations=23 (full 0):
 garbage-first heap   total 80896K, used 44776K [0x0000000081e00000, 0x0000000100000000)
  region size 1024K, 3 young (3072K), 3 survivors (3072K)
 Metaspace       used 34264K, committed 34560K, reserved 1081344K
  class space    used 4447K, committed 4608K, reserved 1048576K
}
Event: 19.373 GC heap before
{Heap before GC invocations=23 (full 0):
 garbage-first heap   total 97280K, used 61160K [0x0000000081e00000, 0x0000000100000000)
  region size 1024K, 20 young (20480K), 3 survivors (3072K)
 Metaspace       used 34264K, committed 34560K, reserved 1081344K
  class space    used 4447K, committed 4608K, reserved 1048576K
}

