# JRE version: OpenJDK Runtime Environment Temurin-17.0.3+7 (17.0.3+7) (build 17.0.3+7)
# Java VM: OpenJDK 64-Bit Server VM Temurin-17.0.3+7 (17.0.3+7, mixed mode, emulated-client, tiered, compressed oops, compressed class ptrs, g1 gc, windows-amd64)
GC Precious Log:
 CPUs: 4 total, 4 available
 Memory: 8070M
 Large Page Support: Disabled
 NUMA Support: Disabled
 Compressed Oops: Enabled (32-bit)
 Heap Region Size: 1M
 Heap Min Capacity: 8M
 Heap Initial Capacity: 128M
 Heap Max Capacity: 2018M
 Pre-touch: Disabled
 Parallel Workers: 4
 Concurrent Workers: 1
 Concurrent Refinement Workers: 4
 Periodic GC: Disabled
Heap:
 garbage-first heap   total 110592K, used 49726K [0x0000000081e00000, 0x0000000100000000)
  region size 1024K, 4 young (4096K), 4 survivors (4096K)
 Metaspace       used 34257K, committed 34624K, reserved 1081344K
  class space    used 4445K, committed 4608K, reserved 1048576K
GC Heap History (20 events):
Event: 13.950 GC heap after
{Heap after GC invocations=16 (full 0):
 garbage-first heap   total 61440K, used 32422K [0x0000000081e00000, 0x0000000100000000)
  region size 1024K, 2 young (2048K), 2 survivors (2048K)
 Metaspace       used 33928K, committed 34304K, reserved 1081344K
  class space    used 4412K, committed 4608K, reserved 1048576K
}
Event: 15.383 GC heap before
{Heap before GC invocations=16 (full 0):
 garbage-first heap   total 61440K, used 43686K [0x0000000081e00000, 0x0000000100000000)
  region size 1024K, 13 young (13312K), 2 survivors (2048K)
 Metaspace       used 33930K, committed 34304K, reserved 1081344K
  class space    used 4413K, committed 4608K, reserved 1048576K
}
Event: 15.391 GC heap after
{Heap after GC invocations=17 (full 0):
 garbage-first heap   total 61440K, used 33279K [0x0000000081e00000, 0x0000000100000000)
  region size 1024K, 1 young (1024K), 1 survivors (1024K)
 Metaspace       used 33930K, committed 34304K, reserved 1081344K
  class space    used 4413K, committed 4608K, reserved 1048576K
}
Event: 15.871 GC heap before
{Heap before GC invocations=18 (full 0):
 garbage-first heap   total 61440K, used 44543K [0x0000000081e00000, 0x0000000100000000)
  region size 1024K, 13 young (13312K), 1 survivors (1024K)
 Metaspace       used 34016K, committed 34432K, reserved 1081344K
  class space    used 4421K, committed 4608K, reserved 1048576K
}
Event: 15.886 GC heap after
{Heap after GC invocations=19 (full 0):
 garbage-first heap   total 61440K, used 40636K [0x0000000081e00000, 0x0000000100000000)
  region size 1024K, 2 young (2048K), 2 survivors (2048K)
 Metaspace       used 34016K, committed 34432K, reserved 1081344K
  class space    used 4421K, committed 4608K, reserved 1048576K
}
Event: 16.269 GC heap before
{Heap before GC invocations=19 (full 0):
 garbage-first heap   total 61440K, used 45756K [0x0000000081e00000, 0x0000000100000000)
  region size 1024K, 8 young (8192K), 2 survivors (2048K)
 Metaspace       used 34018K, committed 34432K, reserved 1081344K
  class space    used 4423K, committed 4608K, reserved 1048576K
}
Event: 16.275 GC heap after
{Heap after GC invocations=20 (full 0):
 garbage-first heap   total 61440K, used 41928K [0x0000000081e00000, 0x0000000100000000)
  region size 1024K, 1 young (1024K), 1 survivors (1024K)
 Metaspace       used 34018K, committed 34432K, reserved 1081344K
  class space    used 4423K, committed 4608K, reserved 1048576K
}
Event: 16.403 GC heap before
{Heap before GC invocations=20 (full 0):
 garbage-first heap   total 61440K, used 47048K [0x0000000081e00000, 0x0000000100000000)
  region size 1024K, 7 young (7168K), 1 survivors (1024K)
 Metaspace       used 34018K, committed 34432K, reserved 1081344K
  class space    used 4423K, committed 4608K, reserved 1048576K
}
Event: 16.405 GC heap after
{Heap after GC invocations=21 (full 0):
 garbage-first heap   total 61440K, used 42520K [0x0000000081e00000, 0x0000000100000000)
  region size 1024K, 1 young (1024K), 1 survivors (1024K)
 Metaspace       used 34018K, committed 34432K, reserved 1081344K
  class space    used 4423K, committed 4608K, reserved 1048576K
}
Event: 16.565 GC heap before
{Heap before GC invocations=21 (full 0):
 garbage-first heap   total 78848K, used 47640K [0x0000000081e00000, 0x0000000100000000)
  region size 1024K, 7 young (7168K), 1 survivors (1024K)
 Metaspace       used 34160K, committed 34560K, reserved 1081344K
  class space    used 4439K, committed 4608K, reserved 1048576K
}
Event: 16.569 GC heap after
{Heap after GC invocations=22 (full 0):
 garbage-first heap   total 108544K, used 42892K [0x0000000081e00000, 0x0000000100000000)
  region size 1024K, 1 young (1024K), 1 survivors (1024K)
 Metaspace       used 34160K, committed 34560K, reserved 1081344K
  class space    used 4439K, committed 4608K, reserved 1048576K
}
Event: 16.788 GC heap before
{Heap before GC invocations=23 (full 0):
 garbage-first heap   total 108544K, used 71564K [0x0000000081e00000, 0x0000000100000000)
  region size 1024K, 30 young (30720K), 1 survivors (1024K)
 Metaspace       used 34257K, committed 34624K, reserved 1081344K
  class space    used 4445K, committed 4608K, reserved 1048576K
}
Event: 16.792 GC heap after
{Heap after GC invocations=24 (full 0):
 garbage-first heap   total 108544K, used 44237K [0x0000000081e00000, 0x0000000100000000)
  region size 1024K, 3 young (3072K), 3 survivors (3072K)
 Metaspace       used 34257K, committed 34624K, reserved 1081344K
  class space    used 4445K, committed 4608K, reserved 1048576K
}
Event: 16.800 GC heap before
{Heap before GC invocations=24 (full 0):
 garbage-first heap   total 108544K, used 45261K [0x0000000081e00000, 0x0000000100000000)
  region size 1024K, 5 young (5120K), 3 survivors (3072K)
 Metaspace       used 34257K, committed 34624K, reserved 1081344K
  class space    used 4445K, committed 4608K, reserved 1048576K
}
Event: 16.804 GC heap after
{Heap after GC invocations=25 (full 0):
 garbage-first heap   total 108544K, used 44329K [0x0000000081e00000, 0x0000000100000000)
  region size 1024K, 1 young (1024K), 1 survivors (1024K)
 Metaspace       used 34257K, committed 34624K, reserved 1081344K
  class space    used 4445K, committed 4608K, reserved 1048576K
}
Event: 16.950 GC heap before
{Heap before GC invocations=25 (full 0):
 garbage-first heap   total 108544K, used 79145K [0x0000000081e00000, 0x0000000100000000)
  region size 1024K, 36 young (36864K), 1 survivors (1024K)
 Metaspace       used 34257K, committed 34624K, reserved 1081344K
  class space    used 4445K, committed 4608K, reserved 1048576K
}
Event: 16.955 GC heap after
{Heap after GC invocations=26 (full 0):
 garbage-first heap   total 108544K, used 45748K [0x0000000081e00000, 0x0000000100000000)
  region size 1024K, 2 young (2048K), 2 survivors (2048K)
 Metaspace       used 34257K, committed 34624K, reserved 1081344K
  class space    used 4445K, committed 4608K, reserved 1048576K
}
Event: 17.130 GC heap before
{Heap before GC invocations=26 (full 0):
 garbage-first heap   total 108544K, used 81588K [0x0000000081e00000, 0x0000000100000000)
  region size 1024K, 38 young (38912K), 2 survivors (2048K)
 Metaspace       used 34257K, committed 34624K, reserved 1081344K
  class space    used 4445K, committed 4608K, reserved 1048576K
}
Event: 17.135 GC heap after
{Heap after GC invocations=27 (full 0):
 garbage-first heap   total 108544K, used 47519K [0x0000000081e00000, 0x0000000100000000)
  region size 1024K, 4 young (4096K), 4 survivors (4096K)
 Metaspace       used 34257K, committed 34624K, reserved 1081344K
  class space    used 4445K, committed 4608K, reserved 1048576K
}
Event: 17.313 GC heap before
{Heap before GC invocations=27 (full 0):
 garbage-first heap   total 108544K, used 83359K [0x0000000081e00000, 0x0000000100000000)
  region size 1024K, 40 young (40960K), 4 survivors (4096K)
 Metaspace       used 34257K, committed 34624K, reserved 1081344K
  class space    used 4445K, committed 4608K, reserved 1048576K
}

