# JRE version: OpenJDK Runtime Environment Temurin-17.0.3+7 (17.0.3+7) (build 17.0.3+7)
# Java VM: OpenJDK 64-Bit Server VM Temurin-17.0.3+7 (17.0.3+7, mixed mode, emulated-client, tiered, compressed oops, compressed class ptrs, g1 gc, windows-amd64)
GC Precious Log:
 CPUs: 4 total, 4 available
 Memory: 8070M
 Large Page Support: Disabled
 NUMA Support: Disabled
 Compressed Oops: Enabled (32-bit)
 Heap Region Size: 1M
 Heap Min Capacity: 8M
 Heap Initial Capacity: 128M
 Heap Max Capacity: 2018M
 Pre-touch: Disabled
 Parallel Workers: 4
 Concurrent Workers: 1
 Concurrent Refinement Workers: 4
 Periodic GC: Disabled
Heap:
 garbage-first heap   total 131072K, used 44797K [0x0000000081e00000, 0x0000000100000000)
  region size 1024K, 2 young (2048K), 2 survivors (2048K)
 Metaspace       used 33030K, committed 33344K, reserved 1081344K
  class space    used 4204K, committed 4352K, reserved 1048576K
GC Heap History (20 events):
Event: 24.169 GC heap after
{Heap after GC invocations=11 (full 0):
 garbage-first heap   total 45056K, used 24740K [0x0000000081e00000, 0x0000000100000000)
  region size 1024K, 2 young (2048K), 2 survivors (2048K)
 Metaspace       used 32515K, committed 32832K, reserved 1081344K
  class space    used 4136K, committed 4288K, reserved 1048576K
}
Event: 24.691 GC heap before
{Heap before GC invocations=12 (full 0):
 garbage-first heap   total 48128K, used 32932K [0x0000000081e00000, 0x0000000100000000)
  region size 1024K, 10 young (10240K), 2 survivors (2048K)
 Metaspace       used 32674K, committed 33024K, reserved 1081344K
  class space    used 4167K, committed 4352K, reserved 1048576K
}
Event: 24.699 GC heap after
{Heap after GC invocations=13 (full 0):
 garbage-first heap   total 48128K, used 26531K [0x0000000081e00000, 0x0000000100000000)
  region size 1024K, 2 young (2048K), 2 survivors (2048K)
 Metaspace       used 32674K, committed 33024K, reserved 1081344K
  class space    used 4167K, committed 4352K, reserved 1048576K
}
Event: 24.720 GC heap before
{Heap before GC invocations=13 (full 0):
 garbage-first heap   total 48128K, used 27555K [0x0000000081e00000, 0x0000000100000000)
  region size 1024K, 3 young (3072K), 2 survivors (2048K)
 Metaspace       used 32687K, committed 33024K, reserved 1081344K
  class space    used 4170K, committed 4352K, reserved 1048576K
}
Event: 24.724 GC heap after
{Heap after GC invocations=14 (full 0):
 garbage-first heap   total 48128K, used 26288K [0x0000000081e00000, 0x0000000100000000)
  region size 1024K, 1 young (1024K), 1 survivors (1024K)
 Metaspace       used 32687K, committed 33024K, reserved 1081344K
  class space    used 4170K, committed 4352K, reserved 1048576K
}
Event: 25.136 GC heap before
{Heap before GC invocations=14 (full 0):
 garbage-first heap   total 48128K, used 34480K [0x0000000081e00000, 0x0000000100000000)
  region size 1024K, 10 young (10240K), 1 survivors (1024K)
 Metaspace       used 32702K, committed 33088K, reserved 1081344K
  class space    used 4173K, committed 4352K, reserved 1048576K
}
Event: 25.142 GC heap after
{Heap after GC invocations=15 (full 0):
 garbage-first heap   total 73728K, used 28776K [0x0000000081e00000, 0x0000000100000000)
  region size 1024K, 2 young (2048K), 2 survivors (2048K)
 Metaspace       used 32702K, committed 33088K, reserved 1081344K
  class space    used 4173K, committed 4352K, reserved 1048576K
}
Event: 29.068 GC heap before
{Heap before GC invocations=16 (full 0):
 garbage-first heap   total 73728K, used 50280K [0x0000000081e00000, 0x0000000100000000)
  region size 1024K, 24 young (24576K), 2 survivors (2048K)
 Metaspace       used 32704K, committed 33088K, reserved 1081344K
  class space    used 4173K, committed 4352K, reserved 1048576K
}
Event: 29.085 GC heap after
{Heap after GC invocations=17 (full 0):
 garbage-first heap   total 73728K, used 34393K [0x0000000081e00000, 0x0000000100000000)
  region size 1024K, 3 young (3072K), 3 survivors (3072K)
 Metaspace       used 32704K, committed 33088K, reserved 1081344K
  class space    used 4173K, committed 4352K, reserved 1048576K
}
Event: 29.112 GC heap before
{Heap before GC invocations=17 (full 0):
 garbage-first heap   total 73728K, used 35417K [0x0000000081e00000, 0x0000000100000000)
  region size 1024K, 4 young (4096K), 3 survivors (3072K)
 Metaspace       used 32704K, committed 33088K, reserved 1081344K
  class space    used 4173K, committed 4352K, reserved 1048576K
}
Event: 29.123 GC heap after
{Heap after GC invocations=18 (full 0):
 garbage-first heap   total 73728K, used 35257K [0x0000000081e00000, 0x0000000100000000)
  region size 1024K, 1 young (1024K), 1 survivors (1024K)
 Metaspace       used 32704K, committed 33088K, reserved 1081344K
  class space    used 4173K, committed 4352K, reserved 1048576K
}
Event: 29.683 GC heap before
{Heap before GC invocations=18 (full 0):
 garbage-first heap   total 73728K, used 51641K [0x0000000081e00000, 0x0000000100000000)
  region size 1024K, 18 young (18432K), 1 survivors (1024K)
 Metaspace       used 32791K, committed 33152K, reserved 1081344K
  class space    used 4182K, committed 4352K, reserved 1048576K
}
Event: 29.701 GC heap after
{Heap after GC invocations=19 (full 0):
 garbage-first heap   total 73728K, used 41869K [0x0000000081e00000, 0x0000000100000000)
  region size 1024K, 3 young (3072K), 3 survivors (3072K)
 Metaspace       used 32791K, committed 33152K, reserved 1081344K
  class space    used 4182K, committed 4352K, reserved 1048576K
}
Event: 29.976 GC heap before
{Heap before GC invocations=20 (full 0):
 garbage-first heap   total 80896K, used 54157K [0x0000000081e00000, 0x0000000100000000)
  region size 1024K, 16 young (16384K), 3 survivors (3072K)
 Metaspace       used 33019K, committed 33344K, reserved 1081344K
  class space    used 4202K, committed 4352K, reserved 1048576K
}
Event: 29.984 GC heap after
{Heap after GC invocations=21 (full 0):
 garbage-first heap   total 80896K, used 43508K [0x0000000081e00000, 0x0000000100000000)
  region size 1024K, 2 young (2048K), 2 survivors (2048K)
 Metaspace       used 33019K, committed 33344K, reserved 1081344K
  class space    used 4202K, committed 4352K, reserved 1048576K
}
Event: 29.992 GC heap before
{Heap before GC invocations=21 (full 0):
 garbage-first heap   total 80896K, used 43508K [0x0000000081e00000, 0x0000000100000000)
  region size 1024K, 3 young (3072K), 2 survivors (2048K)
 Metaspace       used 33019K, committed 33344K, reserved 1081344K
  class space    used 4202K, committed 4352K, reserved 1048576K
}
Event: 29.996 GC heap after
{Heap after GC invocations=22 (full 0):
 garbage-first heap   total 80896K, used 43234K [0x0000000081e00000, 0x0000000100000000)
  region size 1024K, 1 young (1024K), 1 survivors (1024K)
 Metaspace       used 33019K, committed 33344K, reserved 1081344K
  class space    used 4202K, committed 4352K, reserved 1048576K
}
Event: 30.163 GC heap before
{Heap before GC invocations=22 (full 0):
 garbage-first heap   total 80896K, used 58594K [0x0000000081e00000, 0x0000000100000000)
  region size 1024K, 17 young (17408K), 1 survivors (1024K)
 Metaspace       used 33029K, committed 33344K, reserved 1081344K
  class space    used 4204K, committed 4352K, reserved 1048576K
}
Event: 30.166 GC heap after
{Heap after GC invocations=23 (full 0):
 garbage-first heap   total 80896K, used 43939K [0x0000000081e00000, 0x0000000100000000)
  region size 1024K, 1 young (1024K), 1 survivors (1024K)
 Metaspace       used 33029K, committed 33344K, reserved 1081344K
  class space    used 4204K, committed 4352K, reserved 1048576K
}
Event: 30.335 GC heap before
{Heap before GC invocations=23 (full 0):
 garbage-first heap   total 102400K, used 61347K [0x0000000081e00000, 0x0000000100000000)
  region size 1024K, 19 young (19456K), 1 survivors (1024K)
 Metaspace       used 33030K, committed 33344K, reserved 1081344K
  class space    used 4204K, committed 4352K, reserved 1048576K
}

